Line:  0   524831679783629415691754823257348196316972548849516237932465781468197352175283964

Line:  1   582716493637459281419283576195368724264971358378524169853192647921647835746835912

Line:  2   918235674543671298276984135624597813351428769789163542432816957197352486865749321

Line:  3   469372518157849263823516749312967854584123976976485321638754192295631487741298635

Line:  4   526419738389267514714835926231596847465378192978124365843952671157643289692781453

Line:  5   397684125564321798182975463419568237875243916236719854951437682643892571728156349

Line:  6   942861357185732964367594821273185649614923785859647132796258413531476298428319576

Line:  7   896543217431762589572189364283697145759431826164825973627958431918374652345216798

Line:  8   617539284594128637382467591245391876968275143173846925721683459459712368836954712

Line:  9   651298473342167895798435612527384169839671254164952738973826541216549387485713926

Line:  10   645173298371982465982465317234618579598247136167539842453726981826391754719854623

Line:  11   452168937389472561761395824136984275948257316527631489674829153293516748815743692

Line:  12   162357489378496215459218736821639547547182693693745128284573961915864372736921854

Line:  13   814926537976385241235174689721649853549837162368512794657293418483761925192458376

Line:  14   658921374134876295972354816793682451425719683861543927589437162316295748247168539

Line:  15   276419583345268179819375246638527914492631857157894362521743698783956421964182735

Line:  16   721645398389217645456983721597368214813524976264791583132876459678459132945132867

Line:  17   528643971914257368736891254679184532483529617251736849192465783867312495345978126

Line:  18   658419237713862495942375618567923841294158763381746529175634982429581376836297154

Line:  19   194826375862735491537149628276314859985672143341598267419253786623987514758461932

Line:  20   645712398879543621213698745156927483438165279927834516362481957584379162791256834

Line:  21   324976815976815432581423697632587941197342586845169273463758129219634758758291364

Line:  22   512497863498536712637218594346175928821964375975382146753621489284759631169843257

Line:  23   957614823241378695836925741315246987769183254482759136198537462574862319623491578

Line:  24   712356948365984127894172365678295413251463789439817652143529876586731294927648531

Line:  25   251764938364895172879213654938652741612947583547138269426379815795481326183526497

Line:  26   538479216749126358126583479913752684467831925852694731675248193291365847384917562

Line:  27   716248593328965147549371826153782964497516238862493715635127489971834652284659371

Line:  28   964871253831295764527436981683524179742169538159783426276948315395612847418357692

Line:  29   869423571731859246245761839318574692456392718927618354672945183584136927193287465

Line:  30   145863927376129548289754316418576293567932184932481675853217469724695831691348752

Line:  31   548729316972361548361845927196483275837512469254976183415698732623157894789234651

Line:  32   743519826926784351185263947569471283237658194418932675852346719371895462694127538

Line:  33   723691485659824713418573269296145837587236194341789652862357941134962578975418326

Line:  34   231769845798254631654381279875132964942675183316948527583416792469527318127893456

Line:  35   527618943198243567436795218952187436671324859384956172213479685869531724745862391

Line:  36   291753846465821973783496152637185429928347615154962738812634597579218364346579281

Line:  37   821593467395764218674821359968412735152637894743958621436179582517286943289345176

Line:  38   145872639376419285928653417583294761291367854764185392412938576859746123637521948

Line:  39   839274516624951873157638429315826794976543182482719365568397241743162958291485637

Line:  40   349528671672194358158376924481263795965781243237945816524639187716852439893417562

Line:  41   749682153652341789381579624273415896914826537568793241195237468836154972427968315

Line:  42   639285417821374596574916382917548263258693174463127958795462831182739645346851729

Line:  43   172839465956214783438576219521498637769153824384627951895342176217965348643781592

Line:  44   964875132175234698283961754537429861692718543841653279318596427759142386426387915

Line:  45   182349756795681324436725189514293867378564912629817435247158693961432578853976241

Line:  46   947258613123476895685193742362945178851637924794812356518329467239764581476581239

Line:  47   476291853358746129129583764284965371563417982791328546645179238817632495932854617

Line:  48   438562197512789643967341852894675321271938465653124789785216934326497518149853276

Line:  49   243915768697283154581764392329456817856172943174398526968547231712639485435821679

Line:  50   138564792452397168967281543241978635673425981589613427816739254395142876724856319

Line:  51   951234786637189452428675139592413678813967245764852391386791524279546813145328967

Line:  52   935872416682419753147653892259738164764125389813964527578246931496381275321597648

Line:  53   481635297296471385573982146328547961647193852159268473714359628862714539935826714

Line:  54   156378294732491568849256173427913856398562417561784329914635782275849631683127945

Line:  55   563179284481265739972483165328651497659724813147938526894516372216347958735892641

Line:  56   563481927974256138128379546732518469619734285485962371841625793257893614396147852

Line:  57   276385149341967285985124367537412896492856731168793524813549672659278413724631958

Line:  58   438962751617354298952187643243516987765298314891743562389671425524839176176425839

Line:  59   374286591269514738185379246713695482542831679698742153927158364851463927436927815

Line:  60   458731692691285437372496518987362154523814769146957823869143275214579386735628941

Line:  61   927415863416387925358926174163542798274891356589673412691238547845769231732154689

Line:  62   629175483781243569345869271572318694416927835893456712158732946237694158964581327

Line:  63   973461825821395674546278931487653219152947368639182457318729546765834192294516783

Line:  64   245178396816329475793465128569841237384297651172536849457612983931784562628953714

Line:  65   395824167184796523267153894731965482928341756456287319612438975849572631573619248

Line:  66   385749261971263845264815937753692418429138576618574392142956783837421659596387124

Line:  67   184279653756318492923546718631792845549683271872154369295867134317425986468931527

Line:  68   341528967698731524527496813859217346763945182412683795935164278176852439284379651

Line:  69   721658493856349271934172865165483927398725614247916358573264189482591736619837542

Line:  70   976254381823179645145638729514392876397865214268417953751986432439721568682543197

Line:  71   216573849375948621849126375651789234724361598983254716167892453538417962492635187

Line:  72   824569731793214658165738249231685974976142583458397162547821396619473825382956417

Line:  73   615893472342761598789245613867352149591684237234917856958136724123478965476529381

Line:  74   781954632654723891923816574519247368472368159836195427248539716165472983397681245

Line:  75   587316492614792853923584761762859314358241976491637285239175648176428539845963127

Line:  76   754183629281596743936427815648952137325671984197348562512764398469835271873219456

Line:  77   215748369483692175967513248621384957874925613359176482196837524732451896548269731

Line:  78   235784916149526837867913452716458293928367145354192678472631589581279364693845721

Line:  79   764319825293586174518427963642158739157932648389674251936241587825793416471865392

Line:  80   976243851152789634483165972218697345564321789739458126841576293327914568695832417

Line:  81   364581729829736541157429863273895416598164372641273958982657134435912687716348295

Line:  82   145768392893524176726913548379685421682341957514297683238159764457836219961472835

Line:  83   759842361482361759613975248197528436825634197364719582531286974276493815948157623

Line:  84   841927365697543182352168947234695718568731294719482536985216473423879651176354829

Line:  85   273689415845127693196453872514762938729318546368945721482591367657234189931876254

Line:  86   167324895842195736539678124791562483425839671683417952956743218374281569218956347

Line:  87   961382574528746139347519628653491287219857346784623951132974865876135492495268713

Line:  88   763914825582673149914258763178562934395481276246397581621745398457839612839126457

Line:  89   825614937376985214419732865751263498682549371943178652294357186137826549568491723

Line:  90   498651372265793184713842596841275639572936418639184257386529741157468923924317865

Line:  91   329871564415236987768594231972653148531948726846712395254189673687325419193467852

Line:  92   892731456163854792475269831351627984649185273728493165984516327216378549537942618

Line:  93   576314829328967541941528763765249318189673452234185697452731986817496235693852174

Line:  94   413685927976432158582791364658174239327859416149326875734518692891267543265943781

Line:  95   142785963736129584895634217573468192614392875928571346267913458359847621481256739

Line:  96   518347629467259831329618547271893456953462718684175293845936172732581964196724385

Line:  97   965218374178543629342679158781325496639784215254196783423957861897461532516832947

Line:  98   371259864628147359945368217852493671734612985169785432597834126213976548486521793

Line:  99   678319254921456837345872916519684723264537198783921465897165342452793681136248579

