90476, 141.60455486542443, 142.44927536231884), (43.85036302461484, 44.871436160793344, 38.39914999114574), (164.43292357028326, 120.02939604489578, 69.47407803313736), (99.82623193775473, 81.91107817710262, 56.69655427936273), (134.08092224231464, 131.26627486437613, 114.13562386980108), (144.04101675332177, 142.21779318313114, 124.79318313113806), (119.1854945054945, 130.41758241758242, 121.58593406593407), (238.9152249134948, 226.35640138408306, 197.98442906574394), (39.46196403872752, 39.75933609958506, 33.37513447057015), (105.62859712230215, 136.85071942446044, 147.3003597122302), (79.85384012539186, 57.2460815047022, 32.247257053291534), (34.23666230556767, 34.40005814798663, 29.352812908853032), (171.11340206185568, 159.980117820324, 133.2083946980854), (242.15326086956523, 237.09021739130435, 218.5608695652174), (177.81019349690803, 189.19449431478156, 177.99571115100738), (174.5598123534011, 153.97654417513684, 116.72400312744331), (29.735481136074608, 24.0996184824078, 15.32471386180585), (168.6215205650187, 181.72843096524028, 171.42819554078383), (164.34335839598998, 162.66729323308272, 145.95676691729324), (106.07716049382717, 105.14146090534979, 90.16383744855968), (36.078893208323805, 30.077749828493026, 20.273039103590214), (52.73267326732673, 48.18655549765503, 36.32204273058885), (115.02636266476665, 113.30566441040257, 97.27573922337015), (206.70584498094027, 204.69377382465058, 185.05082592121983),
(236.08932714617168, 201.55336426914153, 153.79002320185614), (111.75698324022346, 144.4050279329609, 154.62849162011173), (76.70333745364648, 103.30284301606922, 113.9283065512979), (73.13054607508532, 70.54287542662117,
57.22909556313993), (169.98715478484266, 130.07835581245985, 81.56647398843931), (15.510955152345087, 15.192228688805203, 12.637452927079767), (139.62226066897347, 125.60841983852364, 100.94059976931949), (102.47285536676337, 112.3580605055947, 103.45006216328223), (145.43766379633095, 158.49831523773867, 149.57319356046423), (252.46896551724137, 250.31172413793104, 237.24), (121.25495153813738, 95.30257058575643, 63.60345554150864), (180.48115642746515, 179.593701600413, 162.87196695921529), (215.26379440665156, 213.11866969009827, 191.30385487528343), (77.0220472440945, 83.63464566929134, 76.73196850393701), (159.17234600262123, 147.3931847968545, 123.10222804718218), (229.75959595959597, 210.66060606060606, 176.62020202020202), (128.8232558139535, 140.10418604651161, 130.00976744186048), (124.81517509727627, 121.88832684824902, 105.05642023346303), (111.42452006980803, 121.34249563699825, 111.96815008726003), (178.21938775510205, 129.71173469387756, 72.7874149659864), (64.05650596163815, 48.664852255054434, 29.72213582166926)]


starting round  91 current mean list [(53.11872360394181, 41.73580478648522, 26.576020647583295), (221.6197021764032, 193.51775486827034, 150.13516609392897), (123.82458233890215, 157.59307875894987, 167.39618138424822), (184.11784140969164, 139.29295154185021, 82.18337004405286), (92.2812858783008, 84.05797933409873, 66.94259471871412), (130.76653696498053, 156.6828793774319, 164.77431906614785), (184.58064516129033, 172.19134897360703, 142.20014662756597), (85.15404896421846, 93.12504708097929, 85.12806026365348), (213.20534861509074, 183.6093600764088, 138.59407831900668), (23.14920380034792, 23.069583835139838, 19.290244881573667), (88.06786011656952, 88.39675270607827, 75.65695253955037), (155.3009298393914, 134.13186813186815, 99.43871513102282), (65.09306025054683, 63.354145953469875, 51.620998210379796), (151.20376378974692, 125.1440622972096, 88.72290720311486), (99.2170608108108, 129.66469594594594, 140.57347972972974), (148.5230202578269, 135.36648250460405, 112.2486187845304), (229.09586466165413, 189.87218045112783, 135.38063909774436), (210.488241881299, 193.67189249720045, 162.83538633818588), (141.26493799323563, 119.05693348365276, 86.26888387824127), (172.49222153080274, 171.03671437461108, 154.79464841319228), (67.95833333333333, 90.6534090909091, 100.2215909090909), (221.89990375360924, 181.5014436958614, 123.18864292589028), (58.50099711943275, 55.742078440062045, 44.14801684023931), (72.11739417989418, 75.1860119047619, 66.23726851851852), (153.28571428571428, 183.88655462184875, 192.1344537815126), (117.44456347080879, 99.18639528655598, 72.542046063203), (161.09937058935725, 174.0318519931337, 164.20980354758726), (142.17895725692813, 107.25270079849695, 68.58196336308126), (26.87540938864629, 26.388782751091703, 21.827237991266376), (128.64398200224971, 115.53543307086615, 92.70359955005624), (152.38330722756768, 165.42537480420677, 156.3844260460953), (111.12217860647694, 82.73110893032384, 50.12806673209028), (119.6043956043956, 150.43533389687235, 159.75147928994082), (92.0144804088586, 122.21294718909711, 132.87137989778535), (203.70902394106815, 165.5672191528545, 107.90699815837938), (186.4815505031681, 186.67536339918001, 170.6257920238539), (85.20154625433217, 76.91175686483605, 60.97440682484671), (138.02860775588047, 99.44628099173553, 57.93388429752066),
(185.07270916334662, 195.96738047808765, 184.49103585657372), (80.66197975253094, 81.10104986876641, 68.53880764904387), (203.13474576271187, 174.114406779661, 128.2771186440678), (212.04478976234003, 164.7020109689214, 98.98628884826326), (84.24878048780488, 113.29560975609756, 123.98439024390244), (69.64498086546953, 56.587282896673536, 37.40300264939653), (187.82684426229508, 155.45696721311475, 106.76331967213115), (44.195159180113386,
35.92346271260357, 23.930658525948537), (194.82997946611908, 148.32936344969198, 86.52443531827515), (49.13180714533472, 51.344086021505376, 45.245057232049945), (222.88896321070234, 220.7859531772575, 200.35785953177256), (154.9121510673235, 109.2487684729064, 60.86206896551724), (97.34171861086375, 96.83236865538736, 82.83860195903829), (20.05588569983563, 19.475154886837778, 15.87925148564926), (79.570701018574, 64.90113840623128, 43.2417615338526), (197.48325358851676, 195.23564593301435, 176.505980861244), (33.64954128440367, 44.49816513761468, 48.78348623853211), (188.74217585692995, 164.75260804769002, 123.27719821162444), (92.16346153846153, 66.20797720797721, 38.25854700854701), (103.77248608774427, 95.42396790474957, 74.77766274103791), (154.6042471042471,
153.4208494208494, 135.96138996138995), (138.17076382791922, 150.45873573309922, 140.80553116769096), (163.76487876561353, 143.75238795003673, 108.76708302718589), (102.44037882049075, 74.72148084373654, 43.74903142488162), (135.64614121510672, 111.623973727422, 78.85262725779967), (63.82931188561216, 67.9452636282395, 60.94459338695263), (109.06472036581076, 100.51582835033416, 79.75817798100599), (197.84094903339192, 182.29173989455185, 151.1748681898067), (178.75992779783394, 145.12906137184115, 96.70397111913357), (119.40722243565118, 107.11678832116789, 85.3461390703035), (126.04102976669348, 89.46098149637973, 49.88495575221239), (202.1731662024141, 156.02831940575672, 92.23212627669452), (98.00050735667175, 90.06663284288855, 71.22678843226788), (217.12018906144496, 173.92099932478055, 110.25793382849426), (110.92267193155644, 89.91872326423166, 61.600855544587034), (141.57115749525616, 173.50853889943073, 181.5483870967742), (132.84030100334448, 164.18227424749165, 173.57190635451505), (10.261382799325464, 10.04001226429557, 9.096734631304614), (128.81470588235294, 103.99448529411765,
71.87058823529412), (94.27950043066322, 102.65891472868218, 93.88458225667527), (150.21297749869177, 115.00523286237572, 74.44479330193616), (89.90299660179178, 73.10132839048502, 49.01328390485017), (29.031324940047963, 30.17191247002398, 26.008992805755394), (55.68844781445138, 59.17863514719001, 52.829839429081176), (122.76190476190476, 141.60455486542443, 142.44927536231884), (43.85036302461484, 44.871436160793344, 38.39914999114574), (164.43292357028326, 120.02939604489578, 69.47407803313736), (99.82047477744807, 81.90541543026706, 56.699925816023736), (134.08092224231464, 131.26627486437613, 114.13562386980108), (144.04101675332177, 142.21779318313114, 124.79318313113806), (119.1854945054945, 130.41758241758242, 121.58593406593407), (238.9152249134948, 226.35640138408306, 197.98442906574394), (39.46196403872752, 39.75933609958506, 33.37513447057015), (105.62859712230215, 136.85071942446044, 147.3003597122302), (79.85384012539186, 57.2460815047022, 32.247257053291534), (34.23666230556767, 34.40005814798663, 29.352812908853032), (171.11340206185568, 159.980117820324, 133.2083946980854), (242.15326086956523, 237.09021739130435, 218.5608695652174), (177.81019349690803, 189.19449431478156, 177.99571115100738), (174.5598123534011, 153.97654417513684, 116.72400312744331), (29.735481136074608, 24.0996184824078, 15.32471386180585), (168.6215205650187, 181.72843096524028, 171.42819554078383), (164.34335839598998, 162.66729323308272, 145.95676691729324), (106.07716049382717, 105.14146090534979, 90.16383744855968), (36.078893208323805, 30.077749828493026, 20.273039103590214), (52.73267326732673, 48.18655549765503, 36.32204273058885), (115.02636266476665, 113.30566441040257, 97.27573922337015), (206.70584498094027, 204.69377382465058, 185.05082592121983), (236.08932714617168, 201.55336426914153, 153.79002320185614), (111.75698324022346, 144.4050279329609, 154.62849162011173), (76.70333745364648, 103.30284301606922, 113.9283065512979), (73.13054607508532, 70.54287542662117, 57.22909556313993), (169.98715478484266, 130.07835581245985, 81.56647398843931), (15.510955152345087, 15.192228688805203, 12.637452927079767), (139.62226066897347, 125.60841983852364, 100.94059976931949), (102.47285536676337, 112.3580605055947, 103.45006216328223), (145.43766379633095, 158.49831523773867, 149.57319356046423), (252.46896551724137, 250.31172413793104, 237.24), (121.2512647554806, 95.3018549747049, 63.60244519392917), (180.48115642746515, 179.593701600413, 162.87196695921529), (215.26379440665156, 213.11866969009827, 191.30385487528343), (77.0220472440945, 83.63464566929134, 76.73196850393701), (159.17234600262123, 147.3931847968545, 123.10222804718218), (229.75959595959597, 210.66060606060606, 176.62020202020202), (128.8232558139535, 140.10418604651161, 130.00976744186048), (124.81517509727627, 121.88832684824902, 105.05642023346303), (111.42452006980803, 121.34249563699825, 111.96815008726003), (178.21938775510205, 129.71173469387756, 72.7874149659864), (64.05650596163815, 48.664852255054434, 29.72213582166926)]

Mean  0 (53.11872360394181, 41.73580478648522, 26.576020647583295) group size 4262

Mean  1 (221.6197021764032, 193.51775486827034, 150.13516609392897) group size 873

Mean  2 (123.82458233890215, 157.59307875894987, 167.39618138424822) group size 838

Mean  3 (184.11784140969164, 139.29295154185021, 82.18337004405286) group size 1816

Mean  4 (92.2812858783008, 84.05797933409873, 66.94259471871412) group size 5226

Mean  5 (130.76653696498053, 156.6828793774319, 164.77431906614785) group size 514

Mean  6 (184.58064516129033, 172.19134897360703, 142.20014662756597) group size 1364

Mean  7 (85.15404896421846, 93.12504708097929, 85.12806026365348) group size 2655

Mean  8 (213.20534861509074, 183.6093600764088, 138.59407831900668) group size 1047

Mean  9 (23.14920380034792, 23.069583835139838, 19.290244881573667) group size 7473

Mean  10 (88.06786011656952, 88.39675270607827, 75.65695253955037) group size 4804

Mean  11 (155.3009298393914, 134.13186813186815, 99.43871513102282) group size 1183

Mean  12 (65.09306025054683, 63.354145953469875, 51.620998210379796) group size 5029

Mean  13 (151.20376378974692, 125.1440622972096, 88.72290720311486) group size 1541

Mean  14 (99.2170608108108, 129.66469594594594, 140.57347972972974) group size 1184

Mean  15 (148.5230202578269, 135.36648250460405, 112.2486187845304) group size 1629

Mean  16 (229.09586466165413, 189.87218045112783, 135.38063909774436) group size 1064

Mean  17 (210.488241881299, 193.67189249720045, 162.83538633818588) group size 893

Mean  18 (141.26493799323563, 119.05693348365276, 86.26888387824127) group size 1774

Mean  19 (172.49222153080274, 171.03671437461108, 154.79464841319228) group size 1607

Mean  20 (67.95833333333333, 90.6534090909091, 100.2215909090909) group size 528

Mean  21 (221.89990375360924, 181.5014436958614, 123.18864292589028) group size 1039

Mean  22 (58.50099711943275, 55.742078440062045, 44.14801684023931) group size 4513

Mean  23 (72.11739417989418, 75.1860119047619, 66.23726851851852) group size 6048

Mean  24 (153.28571428571428, 183.88655462184875, 192.1344537815126) group size 238

Mean  25 (117.44456347080879, 99.18639528655598, 72.542046063203) group size 1867

Mean  26 (161.09937058935725, 174.0318519931337, 164.20980354758726) group size 5243

Mean  27 (142.17895725692813, 107.25270079849695, 68.58196336308126) group size 2129

Mean  28 (26.87540938864629, 26.388782751091703, 21.827237991266376) group size 7328

Mean  29 (128.64398200224971, 115.53543307086615, 92.70359955005624) group size 1778

Mean  30 (152.38330722756768, 165.42537480420677, 156.3844260460953) group size 4469

Mean  31 (111.12217860647694, 82.73110893032384, 50.12806673209028) group size 2038

Mean  32 (119.6043956043956, 150.43533389687235, 159.75147928994082) group size 1183

Mean  33 (92.0144804088586, 122.21294718909711, 132.87137989778535) group size 1174

Mean  34 (203.70902394106815, 165.5672191528545, 107.90699815837938) group size 1086

Mean  35 (186.4815505031681, 186.67536339918001, 170.6257920238539) group size 2683

Mean  36 (85.20154625433217, 76.91175686483605, 60.97440682484671) group size 3751

Mean  37 (138.02860775588047, 99.44628099173553, 57.93388429752066) group size 1573

Mean  38 (185.07270916334662, 195.96738047808765, 184.49103585657372) group size 4016

Mean  39 (80.66197975253094, 81.10104986876641, 68.53880764904387) group size 5334

Mean  40 (203.13474576271187, 174.114406779661, 128.2771186440678) group size 1180

Mean  41 (212.04478976234003, 164.7020109689214, 98.98628884826326) group size 1094

Mean  42 (84.24878048780488, 113.29560975609756, 123.98439024390244) group size 1025

Mean  43 (69.64498086546953, 56.587282896673536, 37.40300264939653) group size 3397

Mean  44 (187.82684426229508, 155.45696721311475, 106.76331967213115) group size 976

Mean  45 (44.195159180113386, 35.92346271260357, 23.930658525948537) group size 4586

Mean  46 (194.82997946611908, 148.32936344969198, 86.52443531827515) group size 2435

Mean  47 (49.13180714533472, 51.344086021505376, 45.245057232049945) group size 5766

Mean  48 (222.88896321070234, 220.7859531772575, 200.35785953177256) group size 1495

Mean  49 (154.9121510673235, 109.2487684729064, 60.86206896551724) group size 1218

Mean  50 (97.34171861086375, 96.83236865538736, 82.83860195903829) group size 4492

Mean  51 (20.05588569983563, 19.475154886837778, 15.87925148564926) group size 7909

Mean  52 (79.570701018574, 64.90113840623128, 43.2417615338526) group size 3338

Mean  53 (197.48325358851676, 195.23564593301435, 176.505980861244) group size 1672

Mean  54 (33.64954128440367, 44.49816513761468, 48.78348623853211) group size 1090

Mean  55 (188.74217585692995, 164.75260804769002, 123.27719821162444) group size 1342

Mean  56 (92.16346153846153, 66.20797720797721, 38.25854700854701) group size 2808

Mean  57 (103.77248608774427, 95.42396790474957, 74.77766274103791) group size 7727

Mean  58 (154.6042471042471, 153.4208494208494, 135.96138996138995) group size 1554

Mean  59 (138.17076382791922, 150.45873573309922, 140.80553116769096) group size 2278

Mean  60 (163.76487876561353, 143.75238795003673, 108.76708302718589) group size 1361

Mean  61 (102.44037882049075, 74.72148084373654, 43.74903142488162) group size 2323

Mean  62 (135.64614121510672, 111.623973727422, 78.85262725779967) group size 2436

Mean  63 (63.82931188561216, 67.9452636282395, 60.94459338695263) group size 4476

Mean  64 (109.06472036581076, 100.51582835033416, 79.75817798100599) group size 5686

Mean  65 (197.84094903339192, 182.29173989455185, 151.1748681898067) group size 1138

Mean  66 (178.75992779783394, 145.12906137184115, 96.70397111913357) group size 1108

Mean  67 (119.40722243565118, 107.11678832116789, 85.3461390703035) group size 2603

Mean  68 (126.04102976669348, 89.46098149637973, 49.88495575221239) group size 1243

Mean  69 (202.1731662024141, 156.02831940575672, 92.23212627669452) group size 2154

Mean  70 (98.00050735667175, 90.06663284288855, 71.22678843226788) group size 5913

Mean  71 (217.12018906144496, 173.92099932478055, 110.25793382849426) group size 1481

Mean  72 (110.92267193155644, 89.91872326423166, 61.600855544587034) group size 3039

Mean  73 (141.57115749525616, 173.50853889943073, 181.5483870967742) group size 527

Mean  74 (132.84030100334448, 164.18227424749165, 173.57190635451505) group size 1196

Mean  75 (10.261382799325464, 10.04001226429557, 9.096734631304614) group size 6523

Mean  76 (128.81470588235294, 103.99448529411765, 71.87058823529412) group size 2720

Mean  77 (94.27950043066322, 102.65891472868218, 93.88458225667527) group size 2322

Mean  78 (150.21297749869177, 115.00523286237572, 74.44479330193616) group size 1911

Mean  79 (89.90299660179178, 73.10132839048502, 49.01328390485017) group size 3237

Mean  80 (29.031324940047963, 30.17191247002398, 26.008992805755394) group size 6672

Mean  81 (55.68844781445138, 59.17863514719001, 52.829839429081176) group size 4484

Mean  82 (122.76190476190476, 141.60455486542443, 142.44927536231884) group size 483

Mean  83 (43.85036302461484, 44.871436160793344, 38.39914999114574) group size 5647

Mean  84 (164.43292357028326, 120.02939604489578, 69.47407803313736) group size 1871

Mean  85 (99.82047477744807, 81.90541543026706, 56.699925816023736) group size 2696

Mean  86 (134.08092224231464, 131.26627486437613, 114.13562386980108) group size 2212

Mean  87 (144.04101675332177, 142.21779318313114, 124.79318313113806) group size 1731

Mean  88 (119.1854945054945, 130.41758241758242, 121.58593406593407) group size 2275

Mean  89 (238.9152249134948, 226.35640138408306, 197.98442906574394) group size 578

Mean  90 (39.46196403872752, 39.75933609958506, 33.37513447057015) group size 6507

Mean  91 (105.62859712230215, 136.85071942446044, 147.3003597122302) group size 1112

Mean  92 (79.85384012539186, 57.2460815047022, 32.247257053291534) group size 2552

Mean  93 (34.23666230556767, 34.40005814798663, 29.352812908853032) group size 6879

Mean  94 (171.11340206185568, 159.980117820324, 133.2083946980854) group size 1358

Mean  95 (242.15326086956523, 237.09021739130435, 218.5608695652174) group size 920

Mean  96 (177.81019349690803, 189.19449431478156, 177.99571115100738) group size 10026

Mean  97 (174.5598123534011, 153.97654417513684, 116.72400312744331) group size 1279

Mean  98 (29.735481136074608, 24.0996184824078, 15.32471386180585) group size 2359

Mean  99 (168.6215205650187, 181.72843096524028, 171.42819554078383) group size 7221

Mean  100 (164.34335839598998, 162.66729323308272, 145.95676691729324) group size 1596

Mean  101 (106.07716049382717, 105.14146090534979, 90.16383744855968) group size 3888

Mean  102 (36.078893208323805, 30.077749828493026, 20.273039103590214) group size 4373

Mean  103 (52.73267326732673, 48.18655549765503, 36.32204273058885) group size 3838

Mean  104 (115.02636266476665, 113.30566441040257, 97.27573922337015) group size 2807

Mean  105 (206.70584498094027, 204.69377382465058, 185.05082592121983) group size 1574

Mean  106 (236.08932714617168, 201.55336426914153, 153.79002320185614) group size 862

Mean  107 (111.75698324022346, 144.4050279329609, 154.62849162011173) group size 1074

Mean  108 (76.70333745364648, 103.30284301606922, 113.9283065512979) group size 809

Mean  109 (73.13054607508532, 70.54287542662117, 57.22909556313993) group size 4688

Mean  110 (169.98715478484266, 130.07835581245985, 81.56647398843931) group size 1557

Mean  111 (15.510955152345087, 15.192228688805203, 12.637452927079767) group size 5842

Mean  112 (139.62226066897347, 125.60841983852364, 100.94059976931949) group size 1734

Mean  113 (102.47285536676337, 112.3580605055947, 103.45006216328223) group size 2413

Mean  114 (145.43766379633095, 158.49831523773867, 149.57319356046423) group size 2671

Mean  115 (252.46896551724137, 250.31172413793104, 237.24) group size 725

Mean  116 (121.2512647554806, 95.3018549747049, 63.60244519392917) group size 2372

Mean  117 (180.48115642746515, 179.593701600413, 162.87196695921529) group size 1937

Mean  118 (215.26379440665156, 213.11866969009827, 191.30385487528343) group size 1323

Mean  119 (77.0220472440945, 83.63464566929134, 76.73196850393701) group size 3175

Mean  120 (159.17234600262123, 147.3931847968545, 123.10222804718218) group size 1526

Mean  121 (229.75959595959597, 210.66060606060606, 176.62020202020202) group size 495

Mean  122 (128.8232558139535, 140.10418604651161, 130.00976744186048) group size 2150

Mean  123 (124.81517509727627, 121.88832684824902, 105.05642023346303) group size 2570

Mean  124 (111.42452006980803, 121.34249563699825, 111.96815008726003) group size 2292

Mean  125 (178.21938775510205, 129.71173469387756, 72.7874149659864) group size 1176

Mean  126 (64.05650596163815, 48.664852255054434, 29.72213582166926) group size 3858
total time 2950.245544808