starting round  94 current mean list [(139.83498501254053, 152.77965375909952, 145.83250749372974), (196.83044457500978, 160.42366823345085, 107.48046415981199), (103.36879007097062, 98.07319916343813, 80.55999931429355),
(52.329701743163284, 48.46465696465697, 37.862386054693744), (141.7611045863824, 119.72740687204505, 87.93769385972837), (24.5755957783829, 23.61256162457508, 19.15368323633581), (188.74899589228662, 192.06989958922867, 175.61871291647648), (81.4992274354626, 74.37706802336537, 58.09690974185039)]


starting round  95 current mean list [(139.83498501254053, 152.77965375909952, 145.83250749372974), (196.83044457500978, 160.42366823345085, 107.48046415981199), (103.36879007097062, 98.07319916343813, 80.55999931429355),
(52.33678, 48.4702, 37.86682), (141.7611045863824, 119.72740687204505, 87.93769385972837), (24.581149597053958, 23.6182419811069, 19.157727135258224), (188.74899589228662, 192.06989958922867, 175.61871291647648), (81.4992274354626, 74.37706802336537, 58.09690974185039)]


starting round  96 current mean list [(139.83498501254053, 152.77965375909952, 145.83250749372974), (196.83044457500978, 160.42366823345085, 107.48046415981199), (103.36879007097062, 98.07319916343813, 80.55999931429355),
(52.348389033420055, 48.47648589153492, 37.86914148489093), (141.7611045863824, 119.72740687204505, 87.93769385972837), (24.585640369125727, 23.625913479490052, 19.165644280862715), (188.74899589228662, 192.06989958922867, 175.61871291647648), (81.4992274354626, 74.37706802336537, 58.09690974185039)]


starting round  97 current mean list [(139.83498501254053, 152.77965375909952, 145.83250749372974), (196.83044457500978, 160.42366823345085, 107.48046415981199), (103.36879007097062, 98.07319916343813, 80.55999931429355),
(52.348902363370755, 48.476776530387625, 37.86898401072622), (141.7611045863824, 119.72740687204505, 87.93769385972837), (24.585640369125727, 23.625913479490052, 19.165644280862715), (188.74899589228662, 192.06989958922867, 175.61871291647648), (81.49929337277884, 74.37728240592436, 58.097439182950495)]

Mean  0 (139.83498501254053, 152.77965375909952, 145.83250749372974) group size 32694

Mean  1 (196.83044457500978, 160.42366823345085, 107.48046415981199) group size 20424

Mean  2 (103.36879007097062, 98.07319916343813, 80.55999931429355) group size 58334

Mean  3 (52.348902363370755, 48.476776530387625, 37.86898401072622) group size 49971

Mean  4 (141.7611045863824, 119.72740687204505, 87.93769385972837) group size 33207

Mean  5 (24.585640369125727, 23.625913479490052, 19.165644280862715) group size 56241

Mean  6 (188.74899589228662, 192.06989958922867, 175.61871291647648) group size 43820

Mean  7 (81.49929337277884, 74.37728240592436, 58.097439182950495) group size 53069
total time 1567.325206467



------------------------------------------------------------------------------------------
.164100135318), (134.2494103773585, 113.78296526586621, 83.8261417238422)]


starting round  87 current mean list [(63.83615763546798, 58.5056486042693, 45.379737274220034), (222.67375509480772, 211.588693957115, 184.386230728336), (129.05918084615112, 141.43007353202373, 134.95502824055984), (172.32496344361178, 180.83177207091938, 168.4593767135807), (28.038845458299516, 26.766628219915418, 21.566220969142922), (193.63024526853064, 157.49049189213605, 105.3044852974389), (95.71549623693757, 89.50720125615896, 72.1619335102063), (134.19926228850935, 113.78897709352364, 83.87015208617325)]


starting round  88 current mean list [(63.83615763546798, 58.5056486042693, 45.379737274220034), (222.67375509480772, 211.588693957115, 184.386230728336), (129.0965323669438, 141.46816599161514, 134.9962694521424), (172.33709765910754, 180.8429270299927, 168.46785844915874), (28.038845458299516, 26.766628219915418, 21.566220969142922), (193.63144818863492, 157.49055921944168, 105.30309874424067), (95.71405943274894, 89.50427130576051, 72.15868137818994), (134.17317242484114, 113.79374699631548, 83.8946440967587)]


starting round  89 current mean list [(63.83615763546798, 58.5056486042693, 45.379737274220034), (222.67375509480772, 211.588693957115, 184.386230728336), (129.10512856939906, 141.48241937775254, 135.0138513993465), (172.34793048250629, 180.8485021724217, 168.46903727418248), (28.038845458299516, 26.766628219915418, 21.566220969142922), (193.62967479674796, 157.48825654923215, 105.30027100271003), (95.71450038582859, 89.504284727957, 72.15883953592267), (134.168740321461, 113.79449458001815, 83.89886260479521)]


starting round  90 current mean list [(63.83615763546798, 58.5056486042693, 45.379737274220034), (222.67375509480772, 211.588693957115, 184.386230728336), (129.1076070743661, 141.48274025143832, 135.01306911002203), (172.34793048250629, 180.8485021724217, 168.46903727418248), (28.038845458299516, 26.766628219915418, 21.566220969142922), (193.63235161261179, 157.48929442587405, 105.29858162435632), (95.71450038582859, 89.504284727957, 72.15883953592267), (134.168740321461, 113.79449458001815, 83.89886260479521)]


starting round  91 current mean list [(63.83615763546798, 58.5056486042693, 45.379737274220034), (222.67375509480772, 211.588693957115, 184.386230728336), (129.11418832552195, 141.48476778866637, 135.00944468115324), (172.34793048250629, 180.8485021724217, 168.46903727418248), (28.038845458299516, 26.766628219915418, 21.566220969142922), (193.64146936562443, 157.4910536779324, 105.29513826134105), (95.71450038582859, 89.504284727957, 72.15883953592267), (134.168740321461, 113.79449458001815, 83.89886260479521)]


starting round  92 current mean list [(63.83615763546798, 58.5056486042693, 45.379737274220034), (222.67375509480772, 211.588693957115, 184.386230728336), (129.11871627378585, 141.48555097983527, 135.0070292530531), (172.34793048250629, 180.8485021724217, 168.46903727418248), (28.038845458299516, 26.766628219915418, 21.566220969142922), (193.6473698481562, 157.49295010845987, 105.29284164859003), (95.71450038582859, 89.504284727957, 72.15883953592267), (134.168740321461, 113.79449458001815, 83.89886260479521)]

Mean  0 (63.83615763546798, 58.5056486042693, 45.379737274220034) group size 60900

Mean  1 (222.67375509480772, 211.588693957115, 184.386230728336) group size 11286

Mean  2 (129.11871627378585, 141.48555097983527, 135.0070292530531) group size 28168

Mean  3 (172.34793048250629, 180.8485021724217, 168.46903727418248) group size 43730

Mean  4 (28.038845458299516, 26.766628219915418, 21.566220969142922) group size 70227

Mean  5 (193.6473698481562, 157.49295010845987, 105.29284164859003) group size 22128

Mean  6 (95.71450038582859, 89.504284727957, 72.15883953592267) group size 73867

Mean  7 (134.168740321461, 113.79449458001815, 83.89886260479521) group size 37454
total time 349.54955282000003